<?xml version="1.0" encoding="UTF-8" ?>
<testsuite failures="0" time="0.416" errors="0" skipped="0" tests="8" name="com.auth10.federation.SamlTokenValidatorTest">
  <properties>
[...]
</properties>
  <testcase time="0.279" classname="com.auth10.federation.SamlTokenValidatorTest" name="testShouldThrowForTamperedSignature"/>
  <testcase time="0.02" classname="com.auth10.federation.SamlTokenValidatorTest" name="testShouldThrowBecauseTokenWasExpired"/>
  <testcase time="0.011" classname="com.auth10.federation.SamlTokenValidatorTest" name="testOrgIdCertificateShouldBeValid"/>
  <testcase time="0.009" classname="com.auth10.federation.SamlTokenValidatorTest" name="testShouldValidateSaml20TokenWithRSTRAndReturnClaims"/>
  <testcase time="0.011" classname="com.auth10.federation.SamlTokenValidatorTest" name="testShouldValidateSaml11TokenWithRSTRAndReturnClaims"/>
  <testcase time="0.007" classname="com.auth10.federation.SamlTokenValidatorTest" name="testShouldThrowBecauseTheTokenWasIssuedByUntrustedIssuer"/>
  <testcase time="0.072" classname="com.auth10.federation.SamlTokenValidatorTest" name="testShouldThrowBecauseTheTokenAppliesToUnknownAudience"/>
  <testcase time="0.007" classname="com.auth10.federation.SamlTokenValidatorTest" name="testShouldValidateExpiredTokenWhenSettingValidateExpirationFalse"/>
</testsuite>